# JRE version: OpenJDK Runtime Environment (21.0.6) (build 21.0.6+-13368085-b895.109)
# Java VM: OpenJDK 64-Bit Server VM (21.0.6+-13368085-b895.109, mixed mode, tiered, compressed oops, compressed class ptrs, g1 gc, windows-amd64)
GC Precious Log:
 CardTable entry size: 512
 Card Set container configuration: InlinePtr #cards 5 size 8 Array Of Cards #cards 12 size 40 Howl #buckets 4 coarsen threshold 1843 Howl Bitmap #cards 512 size 80 coarsen threshold 460 Card regions per heap region 1 cards per card region 2048
 CPUs: 12 total, 12 available
 Memory: 14075M
 Large Page Support: Disabled
 NUMA Support: Disabled
 Compressed Oops: Enabled (32-bit)
 Heap Region Size: 1M
 Heap Min Capacity: 8M
 Heap Initial Capacity: 220M
 Heap Max Capacity: 2G
 Pre-touch: Disabled
 Parallel Workers: 10
 Concurrent Workers: 3
 Concurrent Refinement Workers: 10
 Periodic GC: Disabled
Heap:
 garbage-first heap   total 132096K, used 108711K [0x0000000080000000, 0x0000000100000000)
  region size 1024K, 35 young (35840K), 1 survivors (1024K)
 Metaspace       used 64253K, committed 65856K, reserved 1114112K
  class space    used 9004K, committed 9792K, reserved 1048576K
GC Heap History (20 events):
Event: 3.403 GC heap before
{Heap before GC invocations=6 (full 0):
 garbage-first heap   total 88064K, used 69162K [0x0000000080000000, 0x0000000100000000)
  region size 1024K, 51 young (52224K), 12 survivors (12288K)
 Metaspace       used 34910K, committed 35776K, reserved 1114112K
  class space    used 4682K, committed 5120K, reserved 1048576K
}
Event: 3.408 GC heap after
{Heap after GC invocations=7 (full 0):
 garbage-first heap   total 88064K, used 33209K [0x0000000080000000, 0x0000000100000000)
  region size 1024K, 7 young (7168K), 7 survivors (7168K)
 Metaspace       used 34910K, committed 35776K, reserved 1114112K
  class space    used 4682K, committed 5120K, reserved 1048576K
}
Event: 3.481 GC heap before
{Heap before GC invocations=7 (full 0):
 garbage-first heap   total 88064K, used 42425K [0x0000000080000000, 0x0000000100000000)
  region size 1024K, 12 young (12288K), 7 survivors (7168K)
 Metaspace       used 35162K, committed 36096K, reserved 1114112K
  class space    used 4719K, committed 5184K, reserved 1048576K
}
Event: 3.485 GC heap after
{Heap after GC invocations=8 (full 0):
 garbage-first heap   total 88064K, used 41314K [0x0000000080000000, 0x0000000100000000)
  region size 1024K, 6 young (6144K), 6 survivors (6144K)
 Metaspace       used 35162K, committed 36096K, reserved 1114112K
  class space    used 4719K, committed 5184K, reserved 1048576K
}
Event: 3.803 GC heap before
{Heap before GC invocations=9 (full 0):
 garbage-first heap   total 88064K, used 64866K [0x0000000080000000, 0x0000000100000000)
  region size 1024K, 29 young (29696K), 6 survivors (6144K)
 Metaspace       used 38059K, committed 39040K, reserved 1114112K
  class space    used 5165K, committed 5632K, reserved 1048576K
}
Event: 3.806 GC heap after
{Heap after GC invocations=10 (full 0):
 garbage-first heap   total 88064K, used 44397K [0x0000000080000000, 0x0000000100000000)
  region size 1024K, 4 young (4096K), 4 survivors (4096K)
 Metaspace       used 38059K, committed 39040K, reserved 1114112K
  class space    used 5165K, committed 5632K, reserved 1048576K
}
Event: 4.035 GC heap before
{Heap before GC invocations=10 (full 0):
 garbage-first heap   total 88064K, used 67949K [0x0000000080000000, 0x0000000100000000)
  region size 1024K, 27 young (27648K), 4 survivors (4096K)
 Metaspace       used 40851K, committed 41984K, reserved 1114112K
  class space    used 5635K, committed 6208K, reserved 1048576K
}
Event: 4.038 GC heap after
{Heap after GC invocations=11 (full 0):
 garbage-first heap   total 106496K, used 45520K [0x0000000080000000, 0x0000000100000000)
  region size 1024K, 3 young (3072K), 3 survivors (3072K)
 Metaspace       used 40851K, committed 41984K, reserved 1114112K
  class space    used 5635K, committed 6208K, reserved 1048576K
}
Event: 4.432 GC heap before
{Heap before GC invocations=11 (full 0):
 garbage-first heap   total 106496K, used 79312K [0x0000000080000000, 0x0000000100000000)
  region size 1024K, 37 young (37888K), 3 survivors (3072K)
 Metaspace       used 47874K, committed 49152K, reserved 1114112K
  class space    used 6523K, committed 7168K, reserved 1048576K
}
Event: 4.435 GC heap after
{Heap after GC invocations=12 (full 0):
 garbage-first heap   total 106496K, used 49100K [0x0000000080000000, 0x0000000100000000)
  region size 1024K, 5 young (5120K), 5 survivors (5120K)
 Metaspace       used 47874K, committed 49152K, reserved 1114112K
  class space    used 6523K, committed 7168K, reserved 1048576K
}
Event: 4.654 GC heap before
{Heap before GC invocations=12 (full 0):
 garbage-first heap   total 106496K, used 85964K [0x0000000080000000, 0x0000000100000000)
  region size 1024K, 39 young (39936K), 5 survivors (5120K)
 Metaspace       used 49780K, committed 51072K, reserved 1114112K
  class space    used 6714K, committed 7360K, reserved 1048576K
}
Event: 4.658 GC heap after
{Heap after GC invocations=13 (full 0):
 garbage-first heap   total 106496K, used 54652K [0x0000000080000000, 0x0000000100000000)
  region size 1024K, 4 young (4096K), 4 survivors (4096K)
 Metaspace       used 49780K, committed 51072K, reserved 1114112K
  class space    used 6714K, committed 7360K, reserved 1048576K
}
Event: 5.005 GC heap before
{Heap before GC invocations=14 (full 0):
 garbage-first heap   total 106496K, used 89468K [0x0000000080000000, 0x0000000100000000)
  region size 1024K, 36 young (36864K), 4 survivors (4096K)
 Metaspace       used 54465K, committed 55936K, reserved 1114112K
  class space    used 7355K, committed 8064K, reserved 1048576K
}
Event: 5.009 GC heap after
{Heap after GC invocations=15 (full 0):
 garbage-first heap   total 106496K, used 54425K [0x0000000080000000, 0x0000000100000000)
  region size 1024K, 3 young (3072K), 3 survivors (3072K)
 Metaspace       used 54465K, committed 55936K, reserved 1114112K
  class space    used 7355K, committed 8064K, reserved 1048576K
}
Event: 6.302 GC heap before
{Heap before GC invocations=15 (full 0):
 garbage-first heap   total 106496K, used 103577K [0x0000000080000000, 0x0000000100000000)
  region size 1024K, 37 young (37888K), 3 survivors (3072K)
 Metaspace       used 56906K, committed 58496K, reserved 1114112K
  class space    used 7725K, committed 8512K, reserved 1048576K
}
Event: 6.309 GC heap after
{Heap after GC invocations=16 (full 0):
 garbage-first heap   total 113664K, used 73990K [0x0000000080000000, 0x0000000100000000)
  region size 1024K, 5 young (5120K), 5 survivors (5120K)
 Metaspace       used 56906K, committed 58496K, reserved 1114112K
  class space    used 7725K, committed 8512K, reserved 1048576K
}
Event: 6.332 GC heap before
{Heap before GC invocations=16 (full 0):
 garbage-first heap   total 113664K, used 78086K [0x0000000080000000, 0x0000000100000000)
  region size 1024K, 10 young (10240K), 5 survivors (5120K)
 Metaspace       used 57281K, committed 58816K, reserved 1114112K
  class space    used 7750K, committed 8512K, reserved 1048576K
}
Event: 6.336 GC heap after
{Heap after GC invocations=17 (full 0):
 garbage-first heap   total 113664K, used 75217K [0x0000000080000000, 0x0000000100000000)
  region size 1024K, 2 young (2048K), 2 survivors (2048K)
 Metaspace       used 57281K, committed 58816K, reserved 1114112K
  class space    used 7750K, committed 8512K, reserved 1048576K
}
Event: 6.447 GC heap before
{Heap before GC invocations=18 (full 0):
 garbage-first heap   total 132096K, used 102865K [0x0000000080000000, 0x0000000100000000)
  region size 1024K, 27 young (27648K), 2 survivors (2048K)
 Metaspace       used 59043K, committed 60672K, reserved 1114112K
  class space    used 7895K, committed 8704K, reserved 1048576K
}
Event: 6.449 GC heap after
{Heap after GC invocations=19 (full 0):
 garbage-first heap   total 132096K, used 74919K [0x0000000080000000, 0x0000000100000000)
  region size 1024K, 1 young (1024K), 1 survivors (1024K)
 Metaspace       used 59043K, committed 60672K, reserved 1114112K
  class space    used 7895K, committed 8704K, reserved 1048576K
}

